Flutter crash report.
Please report a bug at https://github.com/flutter/flutter/issues.

## command

flutter --quiet assemble --no-version-check --depfile D:\Projects\lec-sci-guru-book\flutter_app\android\app\build\intermediates\flutter\debug/flutter_build.d --output D:\Projects\lec-sci-guru-book\flutter_app\android\app\build\intermediates\flutter\debug -dTargetFile=D:\Projects\lec-sci-guru-book\flutter_app\lib\main.dart -dTargetPlatform=android -dBuildMode=debug -dTrackWidgetCreation=true --DartDefines=RkxVVFRFUl9WRVJTSU9OPTMuMzguOQ==,RkxVVFRFUl9DSEFOTkVMPXN0YWJsZQ==,RkxVVFRFUl9HSVRfVVJMPWh0dHBzOi8vZ2l0aHViLmNvbS9mbHV0dGVyL2ZsdXR0ZXIuZ2l0,RkxVVFRFUl9GUkFNRVdPUktfUkVWSVNJT049NjczMjNkZTI4NQ==,RkxVVFRFUl9FTkdJTkVfUkVWSVNJT049NTg3YzE4Zjg3Mw==,RkxVVFRFUl9EQVJUX1ZFUlNJT049My4xMC44 -dFlavor= -dAndroidArchs=android-arm -dMinSdkVersion=24 debug_android_application

## exception

StateError: Bad state: Could not determine run package name. Project path "D:\Projects\lec-sci-guru-book\flutter_app\" did not occur as package root in package config "D:\Projects\lec-sci-guru-book\.dart_tool\package_config.json". Please report a reproduction on https://github.com/flutter/flutter/issues/169475.

```
#0      DartBuild.build (package:flutter_tools/src/build_system/targets/native_assets.dart:50:7)
<asynchronous suspension>
#1      _BuildInstance._invokeInternal (package:flutter_tools/src/build_system/build_system.dart:895:9)
<asynchronous suspension>
#2      Future.wait.<anonymous closure> (dart:async/future.dart:546:21)
<asynchronous suspension>
#3      _BuildInstance.invokeTarget (package:flutter_tools/src/build_system/build_system.dart:833:32)
<asynchronous suspension>
#4      Future.wait.<anonymous closure> (dart:async/future.dart:546:21)
<asynchronous suspension>
#5      _BuildInstance.invokeTarget (package:flutter_tools/src/build_system/build_system.dart:833:32)
<asynchronous suspension>
#6      FlutterBuildSystem.build (package:flutter_tools/src/build_system/build_system.dart:653:16)
<asynchronous suspension>
#7      AssembleCommand.runCommand (package:flutter_tools/src/commands/assemble.dart:361:32)
<asynchronous suspension>
#8      FlutterCommand.run.<anonymous closure> (package:flutter_tools/src/runner/flutter_command.dart:1559:27)
<asynchronous suspension>
#9      AppContext.run.<anonymous closure> (package:flutter_tools/src/base/context.dart:154:19)
<asynchronous suspension>
#10     CommandRunner.runCommand (package:args/command_runner.dart:212:13)
<asynchronous suspension>
#11     FlutterCommandRunner.runCommand.<anonymous closure> (package:flutter_tools/src/runner/flutter_command_runner.dart:487:9)
<asynchronous suspension>
#12     AppContext.run.<anonymous closure> (package:flutter_tools/src/base/context.dart:154:19)
<asynchronous suspension>
#13     FlutterCommandRunner.runCommand (package:flutter_tools/src/runner/flutter_command_runner.dart:422:5)
<asynchronous suspension>
#14     run.<anonymous closure>.<anonymous closure> (package:flutter_tools/runner.dart:104:11)
<asynchronous suspension>
#15     AppContext.run.<anonymous closure> (package:flutter_tools/src/base/context.dart:154:19)
<asynchronous suspension>
#16     main (package:flutter_tools/executable.dart:103:3)
<asynchronous suspension>
```

## flutter doctor

```
[✓] Flutter (Channel stable, 3.38.9, on Microsoft Windows [Version 10.0.26100.7840], locale en-US) [719ms]
    • Flutter version 3.38.9 on channel stable at D:\flutter\flutter
    • Upstream repository https://github.com/flutter/flutter.git
    • Framework revision 67323de285 (3 weeks ago), 2026-01-28 13:43:12 -0800
    • Engine revision 587c18f873
    • Dart version 3.10.8
    • DevTools version 2.51.1
    • Feature flags: enable-web, no-enable-linux-desktop, enable-macos-desktop, no-enable-windows-desktop, enable-android, enable-ios, cli-animations, enable-native-assets, omit-legacy-version-file, enable-lldb-debugging

[✓] Windows Version (11 Pro 64-bit, 24H2, 2009) [6.5s]

[✓] Android toolchain - develop for Android devices (Android SDK version 36.1.0) [13.2s]
    • Android SDK at C:\Users\HP\AppData\Local\Android\Sdk
    • Emulator version 36.3.10.0 (build_id 14472402) (CL:N/A)
    • Platform android-36, build-tools 36.1.0
    • ANDROID_HOME = C:\Users\HP\AppData\Local\Android\Sdk
    • Java binary at: D:\Android\Android studio\jbr\bin\java
      This is the JDK bundled with the latest Android Studio installation on this machine.
      To manually set the JDK path, use: `flutter config --jdk-dir="path/to/jdk"`.
    • Java version OpenJDK Runtime Environment (build 21.0.9+-14649483-b1163.86)
    • All Android licenses accepted.

[✓] Chrome - develop for the web [18ms]
    • Chrome at C:\Program Files\Google\Chrome\Application\chrome.exe

[✓] Connected device (3 available) [2.8s]
    • SM M135FU (mobile) • RZ8W70ENGNE • android-arm    • Android 14 (API 34)
    • Chrome (web)       • chrome      • web-javascript • Google Chrome 145.0.7632.76
    • Edge (web)         • edge        • web-javascript • Microsoft Edge 145.0.3800.58

[✓] Network resources [2.6s]
    • All expected network resources are available.

• No issues found!
```
